0 info it worked if it ends with ok
1 verbose cli [ '/usr/bin/node', '/usr/bin/npm', 'publish' ]
2 info using npm@3.10.10
3 info using node@v6.12.0
4 verbose publish [ '.' ]
5 silly cache add args [ '.', null ]
6 verbose cache add spec .
7 silly cache add parsed spec Result {
7 silly cache add   raw: '.',
7 silly cache add   scope: null,
7 silly cache add   escapedName: null,
7 silly cache add   name: null,
7 silly cache add   rawSpec: '.',
7 silly cache add   spec: '/home/steama00/pimatic-dev/node_modules/pimatic-holidays',
7 silly cache add   type: 'directory' }
8 verbose addLocalDirectory /home/steama00/.npm/pimatic-holidays/0.0.2/package.tgz not in flight; packing
9 verbose correctMkdir /home/steama00/.npm correctMkdir not in flight; initializing
10 info lifecycle pimatic-holidays@0.0.2~prepublish: pimatic-holidays@0.0.2
11 silly lifecycle pimatic-holidays@0.0.2~prepublish: no script for prepublish, continuing
12 verbose tar pack [ '/home/steama00/.npm/pimatic-holidays/0.0.2/package.tgz',
12 verbose tar pack   '/home/steama00/pimatic-dev/node_modules/pimatic-holidays' ]
13 verbose tarball /home/steama00/.npm/pimatic-holidays/0.0.2/package.tgz
14 verbose folder /home/steama00/pimatic-dev/node_modules/pimatic-holidays
15 verbose addLocalTarball adding from inside cache /home/steama00/.npm/pimatic-holidays/0.0.2/package.tgz
16 verbose correctMkdir /home/steama00/.npm correctMkdir not in flight; initializing
17 silly cache afterAdd pimatic-holidays@0.0.2
18 verbose afterAdd /home/steama00/.npm/pimatic-holidays/0.0.2/package/package.json not in flight; writing
19 verbose correctMkdir /home/steama00/.npm correctMkdir not in flight; initializing
20 verbose afterAdd /home/steama00/.npm/pimatic-holidays/0.0.2/package/package.json written
21 silly publish { name: 'pimatic-holidays',
21 silly publish   description: 'The plugin description - holiday variable',
21 silly publish   author:
21 silly publish    { name: 'Stephan Amann',
21 silly publish      email: 'stephan.amann@thex.at',
21 silly publish      url: 'http://www.thex.at' },
21 silly publish   main: 'holidays.coffee',
21 silly publish   files:
21 silly publish    [ 'holidays.coffee',
21 silly publish      'README.md',
21 silly publish      'holidays-config-schema.coffee',
21 silly publish      'device-config-schema.coffee' ],
21 silly publish   version: '0.0.2',
21 silly publish   homepage: 'http://www.thex.at/pimatic',
21 silly publish   private: false,
21 silly publish   configSchema: 'holidays-config-schema.coffee',
21 silly publish   dependencies: { 'date-holidays': '1.2.0' },
21 silly publish   peerDependencies: { pimatic: '>=0.8.0 <1.0.0' },
21 silly publish   engines: { node: '>0.8.x', npm: '>1.1.x' },
21 silly publish   devDependencies: {},
21 silly publish   scripts: { test: 'echo "Error: no test specified" && exit 1' },
21 silly publish   repository:
21 silly publish    { type: 'git',
21 silly publish      url: 'git+https://github.com/thex-at/pimatic-holidays.git' },
21 silly publish   license: 'ISC',
21 silly publish   bugs: { url: 'https://github.com/thex-at/pimatic-holidays/issues' },
21 silly publish   readme: 'pimatic-holidays\n======================\n\nThis Pimatic plugin provides a device and also a variable that\nshows if the current day is a holiday or not.\n\nI was missing this information as i do not want to get woken up on a public holiday. :)\nSo i thought why not trying to write a plugin for it.\n\nIt\'s using "date-holiday" to get the information.\nhttps://www.npmjs.com/package/date-holidays\n\nSet country and state variables according to the list on date-holiday\'s site...\n\n\nAs its my first step into coffescript and writing pimatic-plugins it still has lots of errors.\nBut anyway, so far it seems to work and i\'m trying to fix the issues...\n\n\nInstallation:\n - clone from github\n - run npm install in plugin dir to install dependencies (need fix this...)\n - add and enable plugin in config.json:\n     {\n      "plugin": "holidays",\n      "active": true\n    }\n - create a "HolidaySensor" device to get the needed variable\n',
21 silly publish   readmeFilename: 'README.md',
21 silly publish   gitHead: '69ddb81c10f6f8ac735cdf95cccf0f5d0de42948',
21 silly publish   _id: 'pimatic-holidays@0.0.2',
21 silly publish   _shasum: '83910d6c668cdcdd3d381de940d64829b149909d',
21 silly publish   _from: '.' }
22 verbose getPublishConfig undefined
23 silly mapToRegistry name pimatic-holidays
24 silly mapToRegistry using default registry
25 silly mapToRegistry registry https://registry.npmjs.org/
26 silly mapToRegistry data Result {
26 silly mapToRegistry   raw: 'pimatic-holidays',
26 silly mapToRegistry   scope: null,
26 silly mapToRegistry   escapedName: 'pimatic-holidays',
26 silly mapToRegistry   name: 'pimatic-holidays',
26 silly mapToRegistry   rawSpec: '',
26 silly mapToRegistry   spec: 'latest',
26 silly mapToRegistry   type: 'tag' }
27 silly mapToRegistry uri https://registry.npmjs.org/pimatic-holidays
28 verbose publish registryBase https://registry.npmjs.org/
29 silly publish uploading /home/steama00/.npm/pimatic-holidays/0.0.2/package.tgz
30 verbose request uri https://registry.npmjs.org/pimatic-holidays
31 verbose request sending authorization for write operation
32 info attempt registry request try #1 at 10:46:10 PM
33 verbose request using bearer token for auth
34 verbose request id dc95b5b7f4fb2d9d
35 http request PUT https://registry.npmjs.org/pimatic-holidays
36 http 403 https://registry.npmjs.org/pimatic-holidays
37 verbose headers { 'content-type': 'application/json',
37 verbose headers   'cache-control': 'max-age=300',
37 verbose headers   'content-length': '91',
37 verbose headers   'accept-ranges': 'bytes',
37 verbose headers   date: 'Wed, 13 Dec 2017 21:48:55 GMT',
37 verbose headers   via: '1.1 varnish',
37 verbose headers   connection: 'keep-alive',
37 verbose headers   'x-served-by': 'cache-hhn1549-HHN',
37 verbose headers   'x-cache': 'MISS',
37 verbose headers   'x-cache-hits': '0',
37 verbose headers   'x-timer': 'S1513201734.627493,VS0,VE1459',
37 verbose headers   vary: 'Accept-Encoding, Accept' }
38 verbose request invalidating /home/steama00/.npm/registry.npmjs.org/pimatic-holidays on PUT
39 error publish Failed PUT 403
40 verbose stack Error: You cannot publish over the previously published version 0.0.2. : pimatic-holidays
40 verbose stack     at makeError (/usr/lib/node_modules/npm/node_modules/npm-registry-client/lib/request.js:302:12)
40 verbose stack     at CachingRegistryClient.<anonymous> (/usr/lib/node_modules/npm/node_modules/npm-registry-client/lib/request.js:290:14)
40 verbose stack     at Request._callback (/usr/lib/node_modules/npm/node_modules/npm-registry-client/lib/request.js:210:14)
40 verbose stack     at Request.self.callback (/usr/lib/node_modules/npm/node_modules/request/request.js:187:22)
40 verbose stack     at emitTwo (events.js:106:13)
40 verbose stack     at Request.emit (events.js:191:7)
40 verbose stack     at Request.<anonymous> (/usr/lib/node_modules/npm/node_modules/request/request.js:1048:10)
40 verbose stack     at emitOne (events.js:96:13)
40 verbose stack     at Request.emit (events.js:188:7)
40 verbose stack     at IncomingMessage.<anonymous> (/usr/lib/node_modules/npm/node_modules/request/request.js:969:12)
41 verbose statusCode 403
42 verbose pkgid pimatic-holidays
43 verbose cwd /home/steama00/pimatic-dev/node_modules/pimatic-holidays
44 error Linux 4.4.0-98-generic
45 error argv "/usr/bin/node" "/usr/bin/npm" "publish"
46 error node v6.12.0
47 error npm  v3.10.10
48 error code E403
49 error You cannot publish over the previously published version 0.0.2. : pimatic-holidays
50 error If you need help, you may report this error at:
50 error     <https://github.com/npm/npm/issues>
51 verbose exit [ 1, true ]
